  CREATE_STREAM @0 {NAME:read_after_write_seq T:Transactions SCOPE:uvm_test_top.demo_tb0.apb0.master.sequencer STREAM:957}
  CREATE_STREAM @0 {NAME:read_after_write_seq T: SCOPE:uvm_test_top.demo_tb0.apb0.master.sequencer STREAM:959}
    OPEN_RECORDER @0 {TXH:961 STREAM:959 NAME:read_after_write_seq TIME:0 TYPE="Begin_No_Parent, Link"}
  CREATE_STREAM @0 {NAME:mem_response_seq T:Transactions SCOPE:uvm_test_top.demo_tb0.apb0.slave[0].sequencer STREAM:964}
  CREATE_STREAM @0 {NAME:mem_response_seq T: SCOPE:uvm_test_top.demo_tb0.apb0.slave[0].sequencer STREAM:966}
    OPEN_RECORDER @0 {TXH:968 STREAM:966 NAME:mem_response_seq TIME:0 TYPE="Begin_No_Parent, Link"}
    OPEN_RECORDER @55 {TXH:1026 STREAM:959 NAME:req TIME:55 TYPE="Begin_End, Link"}
      SET_ATTR @55 {TXH:1026 NAME:label VALUE:Transactions   RADIX:UVM_STRING BITS=20}
  LINK @55 {TXH1:961 TXH2:1026 RELATION=child}
  CREATE_STREAM @55 {NAME:apb master driver T: SCOPE:uvm_test_top.demo_tb0.apb0.master.driver STREAM:1029}
    OPEN_RECORDER @55 {TXH:1031 STREAM:1029 NAME:req TIME:55 TYPE="Begin_End, Link"}
      SET_ATTR @55 {TXH:1031 NAME:label VALUE:UVM Debug   RADIX:UVM_STRING BITS=17}
      SET_ATTR @55 {TXH:1031 NAME:desc VALUE:APB master driver transaction from get_and_drive   RADIX:UVM_STRING BITS=56}
  LINK @55 {TXH1:961 TXH2:1031 RELATION=child}
  CREATE_STREAM @115 {NAME:apb_collector T: SCOPE:uvm_test_top.demo_tb0.apb0.bus_collector STREAM:1035}
    OPEN_RECORDER @115 {TXH:1037 STREAM:1035 NAME:trans_collected TIME:115 TYPE="Begin_No_Parent, Link"}
      SET_ATTR @115 {TXH:1037 NAME:label VALUE:UVM Debug   RADIX:UVM_STRING BITS=17}
      SET_ATTR @115 {TXH:1037 NAME:desc VALUE:APB collector transaction inside collect_transactions()   RADIX:UVM_STRING BITS=63}
    OPEN_RECORDER @125 {TXH:1042 STREAM:966 NAME:req TIME:125 TYPE="Begin_End, Link"}
      SET_ATTR @125 {TXH:1042 NAME:label VALUE:Transactions   RADIX:UVM_STRING BITS=20}
  LINK @125 {TXH1:968 TXH2:1042 RELATION=child}
      SET_ATTR @135 {TXH:1031 NAME:addr VALUE:ee   RADIX:UVM_HEX BITS=32}
      SET_ATTR @135 {TXH:1031 NAME:direction VALUE:APB_WRITE   RADIX:UVM_STRING BITS=17}
      SET_ATTR @135 {TXH:1031 NAME:data VALUE:12345678   RADIX:UVM_HEX BITS=32}
      SET_ATTR @135 {TXH:1031 NAME:master VALUE:   RADIX:UVM_STRING BITS=8}
      SET_ATTR @135 {TXH:1031 NAME:slave VALUE:   RADIX:UVM_STRING BITS=8}
    CLOSE_RECORDER @135 {TXH:1031 TIME=135}
    FREE_RECORDER @135 {TXH:1031}
      SET_ATTR @135 {TXH:1037 NAME:addr VALUE:ee   RADIX:UVM_HEX BITS=32}
      SET_ATTR @135 {TXH:1037 NAME:direction VALUE:APB_WRITE   RADIX:UVM_STRING BITS=17}
      SET_ATTR @135 {TXH:1037 NAME:data VALUE:12345678   RADIX:UVM_HEX BITS=32}
      SET_ATTR @135 {TXH:1037 NAME:master VALUE:master   RADIX:UVM_STRING BITS=14}
      SET_ATTR @135 {TXH:1037 NAME:slave VALUE:slave0   RADIX:UVM_STRING BITS=14}
    CLOSE_RECORDER @135 {TXH:1037 TIME=135}
    FREE_RECORDER @135 {TXH:1037}
      SET_ATTR @135 {TXH:1026 NAME:addr VALUE:ee   RADIX:UVM_HEX BITS=32}
      SET_ATTR @135 {TXH:1026 NAME:direction VALUE:APB_WRITE   RADIX:UVM_STRING BITS=17}
      SET_ATTR @135 {TXH:1026 NAME:data VALUE:12345678   RADIX:UVM_HEX BITS=32}
      SET_ATTR @135 {TXH:1026 NAME:master VALUE:   RADIX:UVM_STRING BITS=8}
      SET_ATTR @135 {TXH:1026 NAME:slave VALUE:   RADIX:UVM_STRING BITS=8}
    CLOSE_RECORDER @135 {TXH:1026 TIME=135}
    FREE_RECORDER @135 {TXH:1026}
      SET_ATTR @135 {TXH:1042 NAME:addr VALUE:ee   RADIX:UVM_HEX BITS=32}
      SET_ATTR @135 {TXH:1042 NAME:direction VALUE:APB_WRITE   RADIX:UVM_STRING BITS=17}
      SET_ATTR @135 {TXH:1042 NAME:data VALUE:12345678   RADIX:UVM_HEX BITS=32}
      SET_ATTR @135 {TXH:1042 NAME:master VALUE:   RADIX:UVM_STRING BITS=8}
      SET_ATTR @135 {TXH:1042 NAME:slave VALUE:   RADIX:UVM_STRING BITS=8}
    CLOSE_RECORDER @135 {TXH:1042 TIME=135}
    FREE_RECORDER @135 {TXH:1042}
    OPEN_RECORDER @145 {TXH:1063 STREAM:959 NAME:req TIME:145 TYPE="Begin_End, Link"}
      SET_ATTR @145 {TXH:1063 NAME:label VALUE:Transactions   RADIX:UVM_STRING BITS=20}
  LINK @145 {TXH1:961 TXH2:1063 RELATION=child}
    OPEN_RECORDER @145 {TXH:1066 STREAM:1029 NAME:req TIME:145 TYPE="Begin_End, Link"}
      SET_ATTR @145 {TXH:1066 NAME:label VALUE:UVM Debug   RADIX:UVM_STRING BITS=17}
      SET_ATTR @145 {TXH:1066 NAME:desc VALUE:APB master driver transaction from get_and_drive   RADIX:UVM_STRING BITS=56}
  LINK @145 {TXH1:961 TXH2:1066 RELATION=child}
    OPEN_RECORDER @205 {TXH:1069 STREAM:1035 NAME:trans_collected TIME:205 TYPE="Begin_No_Parent, Link"}
      SET_ATTR @205 {TXH:1069 NAME:label VALUE:UVM Debug   RADIX:UVM_STRING BITS=17}
      SET_ATTR @205 {TXH:1069 NAME:desc VALUE:APB collector transaction inside collect_transactions()   RADIX:UVM_STRING BITS=63}
      SET_ATTR @215 {TXH:1066 NAME:addr VALUE:ee   RADIX:UVM_HEX BITS=32}
      SET_ATTR @215 {TXH:1066 NAME:direction VALUE:APB_READ   RADIX:UVM_STRING BITS=16}
      SET_ATTR @215 {TXH:1066 NAME:data VALUE:0   RADIX:UVM_HEX BITS=32}
      SET_ATTR @215 {TXH:1066 NAME:master VALUE:   RADIX:UVM_STRING BITS=8}
      SET_ATTR @215 {TXH:1066 NAME:slave VALUE:   RADIX:UVM_STRING BITS=8}
    CLOSE_RECORDER @215 {TXH:1066 TIME=215}
    FREE_RECORDER @215 {TXH:1066}
      SET_ATTR @215 {TXH:1063 NAME:addr VALUE:ee   RADIX:UVM_HEX BITS=32}
      SET_ATTR @215 {TXH:1063 NAME:direction VALUE:APB_READ   RADIX:UVM_STRING BITS=16}
      SET_ATTR @215 {TXH:1063 NAME:data VALUE:0   RADIX:UVM_HEX BITS=32}
      SET_ATTR @215 {TXH:1063 NAME:master VALUE:   RADIX:UVM_STRING BITS=8}
      SET_ATTR @215 {TXH:1063 NAME:slave VALUE:   RADIX:UVM_STRING BITS=8}
    CLOSE_RECORDER @215 {TXH:1063 TIME=215}
    FREE_RECORDER @215 {TXH:1063}
    CLOSE_RECORDER @215 {TXH:961 TIME=215}
    FREE_RECORDER @215 {TXH:961}
    OPEN_RECORDER @215 {TXH:1084 STREAM:966 NAME:req TIME:215 TYPE="Begin_End, Link"}
      SET_ATTR @215 {TXH:1084 NAME:label VALUE:Transactions   RADIX:UVM_STRING BITS=20}
  LINK @215 {TXH1:968 TXH2:1084 RELATION=child}
      SET_ATTR @225 {TXH:1069 NAME:addr VALUE:ee   RADIX:UVM_HEX BITS=32}
      SET_ATTR @225 {TXH:1069 NAME:direction VALUE:APB_READ   RADIX:UVM_STRING BITS=16}
      SET_ATTR @225 {TXH:1069 NAME:data VALUE:12345678   RADIX:UVM_HEX BITS=32}
      SET_ATTR @225 {TXH:1069 NAME:master VALUE:master   RADIX:UVM_STRING BITS=14}
      SET_ATTR @225 {TXH:1069 NAME:slave VALUE:slave0   RADIX:UVM_STRING BITS=14}
    CLOSE_RECORDER @225 {TXH:1069 TIME=225}
    FREE_RECORDER @225 {TXH:1069}
      SET_ATTR @225 {TXH:1084 NAME:addr VALUE:ee   RADIX:UVM_HEX BITS=32}
      SET_ATTR @225 {TXH:1084 NAME:direction VALUE:APB_READ   RADIX:UVM_STRING BITS=16}
      SET_ATTR @225 {TXH:1084 NAME:data VALUE:12345678   RADIX:UVM_HEX BITS=32}
      SET_ATTR @225 {TXH:1084 NAME:master VALUE:   RADIX:UVM_STRING BITS=8}
      SET_ATTR @225 {TXH:1084 NAME:slave VALUE:   RADIX:UVM_STRING BITS=8}
    CLOSE_RECORDER @225 {TXH:1084 TIME=225}
    FREE_RECORDER @225 {TXH:1084}
    CLOSE_RECORDER @415 {TXH:968 TIME=415}
    FREE_RECORDER @415 {TXH:968}
