ANF: vcsd_register_1st_RTL_rfn('simv: undefined symbol: vcsd_register_1st_RTL_rfn')
ANF: vcsd_register_1st_sequential_rfn('simv: undefined symbol: vcsd_register_1st_sequential_rfn')
ANF: vcsd_register_2nd_RTL_rfn('simv: undefined symbol: vcsd_register_2nd_RTL_rfn')
ANF: vcsd_register_2nd_sequential_rfn('simv: undefined symbol: vcsd_register_2nd_sequential_rfn')
ANF: scsd_xprop_is_enabled('simv: undefined symbol: scsd_xprop_is_enabled')
ANF: scsd_xprop_sig_is_promoted('simv: undefined symbol: scsd_xprop_sig_is_promoted')
ANF: scsd_xprop_int_xvalue('simv: undefined symbol: scsd_xprop_int_xvalue')
ANF: scsd_xprop_bool_xvalue('simv: undefined symbol: scsd_xprop_bool_xvalue')
ANF: scsd_xprop_enum_xvalue('simv: undefined symbol: scsd_xprop_enum_xvalue')
ANF: scsd_xprop_register_merge_mode_cb('simv: undefined symbol: scsd_xprop_register_merge_mode_cb')
ANF: scsd_xprop_delete_merge_mode_cb('simv: undefined symbol: scsd_xprop_delete_merge_mode_cb')
ANF: scsd_xprop_get_merge_mode('simv: undefined symbol: scsd_xprop_get_merge_mode')
ANF: msvEnableDumpingMode('simv: undefined symbol: msvEnableDumpingMode')
ANF: msvGetVersion('simv: undefined symbol: msvGetVersion')
ANF: msvGetInstProp('simv: undefined symbol: msvGetInstProp')
ANF: msvIsSpiceEngineReady('simv: undefined symbol: msvIsSpiceEngineReady')
ANF: msvSetAddProbeCallback('simv: undefined symbol: msvSetAddProbeCallback')
ANF: msvGetInstHandle('simv: undefined symbol: msvGetInstHandle')
ANF: msvGetProbeByInst('simv: undefined symbol: msvGetProbeByInst')
ANF: msvGetSigHandle('simv: undefined symbol: msvGetSigHandle')
ANF: msvGetProbeBySig('simv: undefined symbol: msvGetProbeBySig')
ANF: msvGetProbeInfo('simv: undefined symbol: msvGetProbeInfo')
ANF: msvRelease('simv: undefined symbol: msvRelease')
ANF: msvSetVcCallbackFunc('simv: undefined symbol: msvSetVcCallbackFunc')
ANF: msvCheckVcCallback('simv: undefined symbol: msvCheckVcCallback')
ANF: msvAddVcCallback('simv: undefined symbol: msvAddVcCallback')
ANF: msvRemoveVcCallback('simv: undefined symbol: msvRemoveVcCallback')
ANF: msvGetLatestValue('simv: undefined symbol: msvGetLatestValue')
ANF: msvSetEndofSimCallback('simv: undefined symbol: msvSetEndofSimCallback')
ANF: msvIgnoredProbe('simv: undefined symbol: msvIgnoredProbe')
ANF: msvGetThruNetInfo('simv: undefined symbol: msvGetThruNetInfo')
ANF: msvFreeThruNetInfo('simv: undefined symbol: msvFreeThruNetInfo')
ANF: PI_ace_get_output_time_unit('simv: undefined symbol: PI_ace_get_output_time_unit')
ANF: PI_ace_sim_sync('simv: undefined symbol: PI_ace_sim_sync')
ANF: msvGetRereadInitFile('simv: undefined symbol: msvGetRereadInitFile')
ANF: msvSetBeforeRereadCallback('simv: undefined symbol: msvSetBeforeRereadCallback')
ANF: msvSetAfterRereadCallback('simv: undefined symbol: msvSetAfterRereadCallback')
ANF: msvSetForceCallback('simv: undefined symbol: msvSetForceCallback')
ANF: msvSetReleaseCallback('simv: undefined symbol: msvSetReleaseCallback')
ANF: msvGetForceStatus('simv: undefined symbol: msvGetForceStatus')
ANF: vhdi_dt_get_type('simv: undefined symbol: vhdi_dt_get_type')
ANF: vhdi_dt_get_key('simv: undefined symbol: vhdi_dt_get_key')
ANF: vhdi_dt_get_vhdl_enum_info('simv: undefined symbol: vhdi_dt_get_vhdl_enum_info')
ANF: vhdi_dt_get_vhdl_physical_info('simv: undefined symbol: vhdi_dt_get_vhdl_physical_info')
ANF: vhdi_dt_get_vhdl_array_info('simv: undefined symbol: vhdi_dt_get_vhdl_array_info')
ANF: vhdi_dt_get_vhdl_record_info('simv: undefined symbol: vhdi_dt_get_vhdl_record_info')
ANF: vhdi_def_traverse_module('simv: undefined symbol: vhdi_def_traverse_module')
ANF: vhdi_def_traverse_scope('simv: undefined symbol: vhdi_def_traverse_scope')
ANF: vhdi_def_traverse_variable('simv: undefined symbol: vhdi_def_traverse_variable')
ANF: vhdi_def_get_module_id_by_vhpi('simv: undefined symbol: vhdi_def_get_module_id_by_vhpi')
ANF: vhdi_def_get_handle_by_module_id('simv: undefined symbol: vhdi_def_get_handle_by_module_id')
ANF: vhdi_def_free('simv: undefined symbol: vhdi_def_free')
ANF: vhdi_ist_traverse_scope('simv: undefined symbol: vhdi_ist_traverse_scope')
ANF: vhdi_ist_traverse_variable('simv: undefined symbol: vhdi_ist_traverse_variable')
ANF: vhdi_ist_convert_by_vhpi('simv: undefined symbol: vhdi_ist_convert_by_vhpi')
ANF: vhdi_ist_clone('simv: undefined symbol: vhdi_ist_clone')
ANF: vhdi_ist_free('simv: undefined symbol: vhdi_ist_free')
ANF: vhdi_ist_hash_key('simv: undefined symbol: vhdi_ist_hash_key')
ANF: vhdi_ist_compare('simv: undefined symbol: vhdi_ist_compare')
ANF: vhdi_ist_get_value_addr('simv: undefined symbol: vhdi_ist_get_value_addr')
ANF: vhdi_set_scsd_callback('simv: undefined symbol: vhdi_set_scsd_callback')
ANF: vhdi_ist_check_scsd_callback('simv: undefined symbol: vhdi_ist_check_scsd_callback')
ANF: vhdi_ist_add_scsd_callback('simv: undefined symbol: vhdi_ist_add_scsd_callback')
ANF: vhdi_ist_remove_scsd_callback('simv: undefined symbol: vhdi_ist_remove_scsd_callback')
ANF: vhdi_ist_get_scsd_user_data('simv: undefined symbol: vhdi_ist_get_scsd_user_data')
ANF: vhdi_add_time_change_callback('simv: undefined symbol: vhdi_add_time_change_callback')
ANF: vhdi_get_real_value_by_value_addr('simv: undefined symbol: vhdi_get_real_value_by_value_addr')
ANF: vhdi_get_64_value_by_value_addr('simv: undefined symbol: vhdi_get_64_value_by_value_addr')
ANF: vhdi_xprop_inst_is_promoted('simv: undefined symbol: vhdi_xprop_inst_is_promoted')
VCS compile option:
 option[0]: simv
 option[1]: -l
 option[2]: sim.log
 option[3]: +UVM_TESTNAME=uart_sequence_test
 option[4]: +UVM_VERBOSITY=UVM_HIGH
 option[5]: /tools/synopsys/vcs/vcs-mx_vL-2016.06/linux64/bin/vcs1
 option[6]: -Mcc=gcc
 option[7]: -Mcplusplus=g++
 option[8]: -Masflags=
 option[9]: -Mcfl= -pipe -fPIC -DVCS -O -I/tools/synopsys/vcs/vcs-mx_vL-2016.06/include 
 option[10]: -Mxcflags= -pipe -fPIC -I/tools/synopsys/vcs/vcs-mx_vL-2016.06/include
 option[11]: -Mldflags= -rdynamic 
 option[12]: -Mout=simv
 option[13]: -Mamsrun=
 option[14]: -Mvcsaceobjs=
 option[15]: -Mobjects= /tools/synopsys/vcs/vcs-mx_vL-2016.06/linux64/lib/libvirsim.so /tools/synopsys/vcs/vcs-mx_vL-2016.06/linux64/lib/liberrorinf.so /tools/synopsys/vcs/vcs-mx_vL-2016.06/linux64/lib/libsnpsmalloc.so 
 option[16]: -Mexternalobj=
 option[17]: -Msaverestoreobj=/tools/synopsys/vcs/vcs-mx_vL-2016.06/linux64/lib/vcs_save_restore_new.o
 option[18]: -Mcrt0=
 option[19]: -Mcrtn=
 option[20]: -Mcsrc=/tools/uvm/uvm-1.2/src/dpi/uvm_dpi.cc 
 option[21]: -Msyslibs=/tools/synopsys/verdi/Verdi3_L-2016.06-1/share/PLI/VCS/LINUX64/pli.a -ldl 
 option[22]: -l
 option[23]: com.log
 option[24]: -timescale=1ns/1ns
 option[25]: -kdb
 option[26]: -Xufe=2steps
 option[27]: -lca
 option[28]: -debug_access+all
 option[29]: +vpi
 option[30]: +vcsd1
 option[31]: +itf+/tools/synopsys/vcs/vcs-mx_vL-2016.06/linux64/lib/vcsdp_lite.tab
 option[32]: -picarchive
 option[33]: -P
 option[34]: /tools/synopsys/verdi/Verdi3_L-2016.06-1/share/PLI/VCS/LINUX64/verdi.tab
 option[35]: -fsdb
 option[36]: -sverilog
 option[37]: -gen_obj
 option[38]: -f
 option[39]: filelist/tb.f
 option[40]: -load
 option[41]: /tools/synopsys/verdi/Verdi3_L-2016.06-1/share/PLI/VCS/LINUX64/libnovas.so:FSDBDumpCmd
 option[42]: timescale=1ns/1ns
Chronologic Simulation VCS Release L-2016.06_Full64
Linux 2.6.32-754.el6.x86_64 #1 SMP Tue Jun 19 21:26:04 UTC 2018 x86_64
CPU cores: 1
Limit information:
======================================
cputime			unlimited
filesize		unlimited
datasize		unlimited
stacksize		10240 kbytes
coredumpsize	0 kbytes
memoryuse		unlimited
vmemoryuse		unlimited
descriptors		4096
memorylocked	64 kbytes
maxproc			1024
======================================
(Special)Runtime environment variables:

Runtime environment variables:
ORBIT_SOCKETDIR=/tmp/orbit-xiaotu
HOSTNAME=xiaotu-eda
UVM_HOME=/tools/uvm/uvm-1.2
IMSETTINGS_INTEGRATE_DESKTOP=yes
NOVAS_HOME=/tools/synopsys/verdi/Verdi3_L-2016.06-1
SHELL=/bin/tcsh
HOST=xiaotu-eda
TERM=xterm
XDG_SESSION_COOKIE=26631068e45ac79d65feec7d0000000b-1615425238.786881-5172271
GTK_RC_FILES=/etc/gtk/gtkrc:/home/xiaotu/.gtkrc-1.2-gnome2
VCS_TARGET_ARCH=amd64
WINDOWID=65015808
QTDIR=/usr/lib64/qt-3.3
QTINC=/usr/lib64/qt-3.3/include
IMSETTINGS_MODULE=none
GROUP=xiaotu
USER=xiaotu
LD_LIBRARY_PATH=/tools/synopsys/verdi/Verdi3_L-2016.06-1/share/PLI/VCS/LINUX64
LS_COLORS=rs=0:di=01;34:ln=01;36:mh=00:pi=40;33:so=01;35:do=01;35:bd=40;33;01:cd=40;33;01:or=40;31;01:mi=01;05;37;41:su=37;41:sg=30;43:ca=30;41:tw=30;42:ow=34;42:st=37;44:ex=01;32:*.tar=01;31:*.tgz=01;31:*.arj=01;31:*.taz=01;31:*.lzh=01;31:*.lzma=01;31:*.tlz=01;31:*.txz=01;31:*.zip=01;31:*.z=01;31:*.Z=01;31:*.dz=01;31:*.gz=01;31:*.lz=01;31:*.xz=01;31:*.bz2=01;31:*.tbz=01;31:*.tbz2=01;31:*.bz=01;31:*.tz=01;31:*.deb=01;31:*.rpm=01;31:*.jar=01;31:*.rar=01;31:*.ace=01;31:*.zoo=01;31:*.cpio=01;31:*.7z=01;31:*.rz=01;31:*.jpg=01;35:*.jpeg=01;35:*.gif=01;35:*.bmp=01;35:*.pbm=01;35:*.pgm=01;35:*.ppm=01;35:*.tga=01;35:*.xbm=01;35:*.xpm=01;35:*.tif=01;35:*.tiff=01;35:*.png=01;35:*.svg=01;35:*.svgz=01;35:*.mng=01;35:*.pcx=01;35:*.mov=01;35:*.mpg=01;35:*.mpeg=01;35:*.m2v=01;35:*.mkv=01;35:*.ogm=01;35:*.mp4=01;35:*.m4v=01;35:*.mp4v=01;35:*.vob=01;35:*.qt=01;35:*.nuv=01;35:*.wmv=01;35:*.asf=01;35:*.rm=01;35:*.rmvb=01;35:*.flc=01;35:*.avi=01;35:*.fli=01;35:*.flv=01;35:*.gl=01;35:*.dl=01;35:*.xcf=01;35:*.xwd=01;35:*.yuv=01;35:*.cgm=01;35:*.emf=01;35:*.axv=01;35:*.anx=01;35:*.ogv=01;35:*.ogx=01;35:*.aac=01;36:*.au=01;36:*.flac=01;36:*.mid=01;36:*.midi=01;36:*.mka=01;36:*.mp3=01;36:*.mpc=01;36:*.ogg=01;36:*.ra=01;36:*.wav=01;36:*.axa=01;36:*.oga=01;36:*.spx=01;36:*.xspf=01;36:
GNOME_KEYRING_SOCKET=/tmp/keyring-7klmZP/socket
SSH_AUTH_SOCK=/tmp/keyring-7klmZP/socket.ssh
HOSTTYPE=x86_64-linux
DVE_HOME=/tools/synopsys/vcs/vcs-mx_vL-2016.06/gui/dve
SESSION_MANAGER=local/unix:@/tmp/.ICE-unix/2993,unix/unix:/tmp/.ICE-unix/2993
USERNAME=xiaotu
SNPSLMD_LICENSE_FILE=27000@xiaotu-eda
PATH=/usr/lib64/qt-3.3/bin:/usr/local/bin:/usr/bin:/bin:/sbin:./:/tools/synopsys/vcs/vcs-mx_vL-2016.06/gui/dve/bin:/tools/synopsys/vcs/vcs-mx_vL-2016.06/bin:/tools/synopsys/verdi/Verdi3_L-2016.06-1/bin:/tools/synopsys/verdi/Verdi3_L-2016.06-1/platform/LINUX64/bin:/tools/synopsys/spyglass/SpyGlass-L2016.06/SPYGLASS_HOME/bin:/tools/synopsys/dc/dc_L-2016.03-SP1/bin:/tools/synopsys/icc/icc_L-2016.03-SP1/bin:/tools/synopsys/pt/pt_M-2016.12-SP1/bin:/tools/synopsys/fm/fm_L-2016.03-SP1/bin:/tools/synopsys/scl/scl_11.9/amd64/bin:/sbin:./:/tools/synopsys/vcs/vcs-mx_vL-2016.06/gui/dve/bin:/tools/synopsys/vcs/vcs-mx_vL-2016.06/bin:/tools/synopsys/verdi/Verdi3_L-2016.06-1/bin:/tools/synopsys/verdi/Verdi3_L-2016.06-1/platform/LINUX64/bin:/tools/synopsys/spyglass/SpyGlass-L2016.06/SPYGLASS_HOME/bin:/tools/synopsys/dc/dc_L-2016.03-SP1/bin:/tools/synopsys/icc/icc_L-2016.03-SP1/bin:/tools/synopsys/pt/pt_M-2016.12-SP1/bin:/tools/synopsys/fm/fm_L-2016.03-SP1/bin:/tools/synopsys/scl/scl_11.9/amd64/bin
MAIL=/var/spool/mail/xiaotu
DESKTOP_SESSION=gnome
PT_HOME=/tools/synopsys/pt/pt_M-2016.12-SP1
QT_IM_MODULE=xim
VERDI_HOME=/tools/synopsys/verdi/Verdi3_L-2016.06-1
PWD=/home/xiaotu/uvm_ref_flow/soc_verification_lib/sv_cb_ex_lib/interface_uvc_lib/uart
XMODIFIERS=@im=none
VCS_HOME=/tools/synopsys/vcs/vcs-mx_vL-2016.06
GDM_KEYBOARD_LAYOUT=us
FM_HOME=/tools/synopsys/fm/fm_L-2016.03-SP1
KDE_IS_PRELINKED=1
LANG=en_US.UTF-8
GNOME_KEYRING_PID=2903
GDM_LANG=en_US.UTF-8
KDEDIRS=/usr
VCS_ARCH_OVERRIDE=linux
ICC_HOME=/tools/synopsys/icc/icc_L-2016.03-SP1
SYNOPSYS=/tools/synopsys
UVM_REF_HOME=/home/xiaotu/uvm_ref_flow
GDMSESSION=gnome
LM_LICENSE_FILE=27000@xiaotu-eda
SSH_ASKPASS=/usr/libexec/openssh/gnome-ssh-askpass
FSDB_HOME=/tools/synopsys/verdi/Verdi3_L-2016.06-1/share/PLI/VCS/LINUX64
HOME=/home/xiaotu
SHLVL=3
OSTYPE=linux
GNOME_DESKTOP_SESSION_ID=this-is-deprecated
VENDOR=unknown
MACHTYPE=x86_64
LOGNAME=xiaotu
DC_HOME=/tools/synopsys/dc/dc_L-2016.03-SP1
QTLIB=/usr/lib64/qt-3.3/lib
SPYGLASS_HOME=/tools/synopsys/spyglass/SpyGlass-L2016.06/SPYGLASS_HOME
CVS_RSH=ssh
DBUS_SESSION_BUS_ADDRESS=unix:abstract=/tmp/dbus-BtoAuZSvRc,guid=f507e82237fe0483590e969000000053
LESSOPEN=||/usr/bin/lesspipe.sh %s
SCL_HOME=/tools/synopsys/scl/scl_11.9
WINDOWPATH=1
DISPLAY=:0.0
G_BROKEN_FILENAMES=1
COLORTERM=gnome-terminal
XAUTHORITY=/var/run/gdm/auth-for-xiaotu-KJa3Ix/database
_=./simv
VCS_PATHMAP_PRELOAD_DONE=1
LC_ALL=C
DVE=/tools/synopsys/vcs/vcs-mx_vL-2016.06/gui/dve
SPECMAN_OUTPUT_TO_TTY=1
Runtime command line arguments:
argv[0]=simv
argv[1]=-l
argv[2]=sim.log
argv[3]=+UVM_TESTNAME=uart_sequence_test
argv[4]=+UVM_VERBOSITY=UVM_HIGH
212 profile - 100
          CPU/Mem usage: 0.050 sys,  0.310 user,  227.41M sys,  0.00M vm
213 VC callback profile - scalar:0 vector:0
214 Wed Mar 10 21:57:40 2021
215 pliAppInit
216 *Verdi3* : FSDB_GATE is set.
217 *Verdi3* : FSDB_RTL is set.
218 *Verdi3* : Enable Parallel Dumping.
219 pliAppMiscSet: New Sim Round
220 pliEntryInit
221 LIBSSCORE=found /tools/synopsys/verdi/Verdi3_L-2016.06-1/share/PLI/lib/LINUXAMD64/libsscore_vcs201606.so through $NOVAS_HOME setting.
222 FSDB Dumper for VCS, Release Verdi3_L-2016.06-1, Linux x86_64/64bit, 07/10/2016
223 (C) 1996 - 2016 by Synopsys, Inc.
224 sps_call_fsdbDumpfile at 0 : examples/demo_top.sv(59)
225 argv[0]: test.fsdb
226 *Verdi3* FSDB WARNING: The FSDB file already exists. Overwriting the FSDB file may crash the programs that are using this file.
227 *Verdi3* : Create FSDB file 'test.fsdb'
228 sps_call_fsdbDumpvars at 0 : examples/demo_top.sv(60)
229 *Verdi3* : Begin traversing the scopes, layer (0).
230 *Verdi3* : End of traversing.
231 fsdbDumpvars traverse var: profile - 
          CPU/Mem usage: 0.060 sys,  0.360 user,  319.32M sys,  0.00M vm
                   incr: 0.010 sys,  0.040 user,  14.77M sys,  0.00M vm
                   accu: 0.010 sys,  0.040 user,  14.77M sys,  0.00M vm
              accu incr: 0.010 sys,  0.040 user,  14.77M sys,  0.00M vm

          Count usage: 21 var,  21 idcode,  17 callback
                 incr: 21 var,  21 idcode,  17 callback
                 accu: 21 var,  21 idcode,  17 callback
            accu incr: 21 var,  21 idcode,  17 callback
232 VC callback profile - scalar:0 vector:0
233 Wed Mar 10 21:57:40 2021
234 fsdbDumpvars: profile - 
          CPU/Mem usage: 0.060 sys,  0.360 user,  320.50M sys,  0.00M vm
                   incr: 0.000 sys,  0.000 user,  1.19M sys,  0.00M vm
                   accu: 0.010 sys,  0.040 user,  15.95M sys,  0.00M vm
              accu incr: 0.000 sys,  0.000 user,  1.19M sys,  0.00M vm

          Count usage: 21 var,  21 idcode,  17 callback
                 incr: 0 var,  0 idcode,  0 callback
                 accu: 21 var,  21 idcode,  17 callback
            accu incr: 0 var,  0 idcode,  0 callback
235 VC callback profile - scalar:15 vector:2
236 Wed Mar 10 21:57:40 2021
237 End of simulation at 2545
238 VC callback profile - scalar:576 vector:2
239 Wed Mar 10 21:57:40 2021
240 Parallel profile    -  Flush:3 Expand:0 ProduceWait:0 ConsumerWait:0 BlockUsed:0
241                        ProduceTime:0.489131991 ConsumerTime:0.000000000 Buffer:64MB
242 SimExit
243 Sim process exit
